<?xml version="1.0" encoding="UTF-8"?>
<!-- Generated by org.testng.reporters.JUnitReportReporter -->
<testsuite skipped="0" hostname="DESKTOP-EMDOR70" name="API_Function.Weather_Info" tests="1" failures="0" timestamp="31 Jul 2020 10:20:15 GMT" time="6.802" errors="0">
  <testcase name="cityTemp" time="6.802" classname="API_Function.Weather_Info"/>
</testsuite> <!-- API_Function.Weather_Info -->
