<?xml version="1.0" encoding="UTF-8"?>
<!-- Generated by org.testng.reporters.JUnitReportReporter -->
<testsuite skipped="0" hostname="DESKTOP-EMDOR70" name="Weather_check_Test_Cases.StartUpCheck" tests="5" failures="0" timestamp="2020-08-01T16:07:13 IST" time="38.906" errors="0">
  <testcase name="NavigateToWeatherPage" time="10.280" classname="Weather_check_Test_Cases.StartUpCheck"/>
  <system-out/>
  <testcase name="CityCheck" time="11.288" classname="Weather_check_Test_Cases.StartUpCheck"/>
  <system-out/>
  <testcase name="CityWeatherCheck" time="0.640" classname="Weather_check_Test_Cases.StartUpCheck"/>
  <system-out/>
  <testcase name="API_Call" time="16.695" classname="Weather_check_Test_Cases.StartUpCheck"/>
  <system-out/>
  <testcase name="tempCompare" time="0.003" classname="Weather_check_Test_Cases.StartUpCheck"/>
  <system-out/>
</testsuite> <!-- Weather_check_Test_Cases.StartUpCheck -->
